03.05.2024 07:26:55.945 | ./dbLogger.log | Database file doesn't exist.
06.05.2024 03:56:51.753 | ./dbLogger.log | Database file doesn't exist.
06.05.2024 03:57:05.262 | ./dbLogger.log | Database file doesn't exist.
06.05.2024 03:59:26.866 | ./dbLogger.log | User: safy98 has logged in successfully.
06.05.2024 05:45:30.264 | ./dbLogger.log | User: safy98 has logged in successfully.
06.05.2024 05:47:35.802 | ./dbLogger.log | User: safy98 has logged in successfully.
06.05.2024 05:50:55.902 | ./dbLogger.log | User: safy98 has logged in successfully.
06.05.2024 05:54:12.201 | ./dbLogger.log | User: safy98 has logged in successfully.
06.05.2024 05:58:29.152 | ./dbLogger.log | User: safy98 has logged in successfully.
06.05.2024 06:01:25.899 | ./dbLogger.log | User: 111  not found in  JSON DataBase successfully.
06.05.2024 06:01:38.193 | ./dbLogger.log | User: 11111  nuser name reserved in  JSON DataBase successfully.
06.05.2024 06:01:45.320 | ./dbLogger.log | User: 11111  user updated in JSON DataBase successfully.
06.05.2024 06:07:52.127 | ./dbLogger.log | User: safy98 has logged in successfully.
06.05.2024 06:08:30.332 | ./dbLogger.log | User: 22222  user updated in JSON DataBase successfully.
06.05.2024 06:09:21.681 | ./dbLogger.log | User: momen12 has logged in successfully.
06.05.2024 06:11:22.572 | ./dbLogger.log | User not found.
06.05.2024 06:12:23.117 | ./dbLogger.log | User: 222222  not found in  JSON DataBase successfully.
06.05.2024 06:13:21.536 | ./dbLogger.log | User: safy98 has logged in successfully.
06.05.2024 06:14:07.584 | ./dbLogger.log | User: momen12 has logged in successfully.
06.05.2024 06:14:26.619 | ./dbLogger.log | User: 1111  not found in  JSON DataBase successfully.
06.05.2024 06:14:59.297 | ./dbLogger.log | User: 33333  not found in  JSON DataBase successfully.
06.05.2024 06:21:38.505 | ./dbLogger.log | User: momen12 has logged in successfully.
06.05.2024 07:01:20.666 | ./dbLogger.log | User: safy98 has logged in successfully.
06.05.2024 09:45:29.300 | ./dbLogger.log | User: safy98 has logged in successfully.
06.05.2024 10:07:30.273 | ./dbLogger.log | User: safy98 has logged in successfully.
06.05.2024 10:12:48.568 | ./dbLogger.log | User: safy98 has logged in successfully.
06.05.2024 10:14:12.288 | ./dbLogger.log | User: momen12 has logged in successfully.
06.05.2024 10:20:15.427 | ./dbLogger.log | User: momen12 has logged in successfully.
06.05.2024 10:25:00.975 | ./dbLogger.log | User: safy98 has logged in successfully.
06.05.2024 10:28:16.134 | ./dbLogger.log | User: safy98 has logged in successfully.
06.05.2024 10:30:56.553 | ./dbLogger.log | User: safy98 has logged in successfully.
06.05.2024 10:33:25.881 | ./dbLogger.log | User: safy98 has logged in successfully.
06.05.2024 10:43:21.602 | ./dbLogger.log | User: safy98 has logged in successfully.
06.05.2024 10:45:57.127 | ./dbLogger.log | User: safy98 has logged in successfully.
06.05.2024 10:50:13.575 | ./dbLogger.log | User: safy98 has logged in successfully.
06.05.2024 10:56:44.079 | ./dbLogger.log | User: safy98 has logged in successfully.
06.05.2024 10:57:01.400 | ./dbLogger.log | User: safy98 has logged in successfully.
06.05.2024 19:34:25.609 | ./dbLogger.log | User not found.
06.05.2024 19:34:33.265 | ./dbLogger.log | Incorrect password.
06.05.2024 19:34:53.773 | ./dbLogger.log | User: safy98 has logged in successfully.
06.05.2024 19:35:09.588 | ./dbLogger.log | User not found.
06.05.2024 19:37:00.160 | ./dbLogger.log | User: 222222  not found in  JSON DataBase successfully.
06.05.2024 19:37:43.775 | ./dbLogger.log | User: 199  user updated in JSON DataBase successfully.
06.05.2024 19:38:11.369 | ./dbLogger.log | User: 199  user updated in JSON DataBase successfully.
06.05.2024 19:39:00.156 | ./dbLogger.log | User: 199  user updated in JSON DataBase successfully.
06.05.2024 19:39:54.955 | ./dbLogger.log | User not found.
06.05.2024 19:40:02.988 | ./dbLogger.log | User not found.
06.05.2024 19:40:39.504 | ./dbLogger.log | User: mahmoud70 has logged in successfully.
06.05.2024 22:36:50.897 | ./dbLogger.log | User: safy98 has logged in successfully.
06.05.2024 22:38:47.286 | ./dbLogger.log | Incorrect password.
06.05.2024 22:38:54.352 | ./dbLogger.log | User: safy98 has logged in successfully.
06.05.2024 22:42:39.883 | ./dbLogger.log | User: safy98 has logged in successfully.
06.05.2024 22:51:30.273 | ./dbLogger.log | User: safy98 has logged in successfully.
07.05.2024 10:25:43.323 | ./dbLogger.log | User: safy98 has logged in successfully.
07.05.2024 10:25:50.948 | ./dbLogger.log | User not found.
07.05.2024 11:11:48.360 | ./dbLogger.log | User: safy98 has logged in successfully.
07.05.2024 11:12:00.055 | ./dbLogger.log | User: 423453452345  not found in  JSON DataBase successfully.
07.05.2024 11:12:47.707 | ./dbLogger.log | User: 3213213121  not found in  JSON DataBase successfully.
07.05.2024 11:18:10.331 | ./dbLogger.log | User: safy98 has logged in successfully.
07.05.2024 11:21:41.414 | ./dbLogger.log | User: safy98 has logged in successfully.
07.05.2024 11:27:59.422 | ./dbLogger.log | User: safy98 has logged in successfully.
07.05.2024 11:39:55.140 | ./dbLogger.log | User: safy98 has logged in successfully.
07.05.2024 12:48:50.492 | ./dbLogger.log | User not found.
07.05.2024 12:48:54.597 | ./dbLogger.log | User: safy98 has logged in successfully.
07.05.2024 12:51:48.681 | ./dbLogger.log | User: 3333  user updated in JSON DataBase successfully.
07.05.2024 12:52:39.584 | ./dbLogger.log | User: 3333  user updated in JSON DataBase successfully.
07.05.2024 12:52:46.316 | ./dbLogger.log | User: 333  not found in  JSON DataBase successfully.
07.05.2024 12:53:20.977 | ./dbLogger.log | Incorrect password.
07.05.2024 12:53:28.121 | ./dbLogger.log | Incorrect password.
07.05.2024 12:53:40.228 | ./dbLogger.log | Incorrect password.
07.05.2024 12:54:20.763 | ./dbLogger.log | User: safy98 has logged in successfully.
07.05.2024 12:55:06.056 | ./dbLogger.log | User: belal has logged in successfully.
07.05.2024 13:18:05.649 | ./dbLogger.log | Incorrect password.
07.05.2024 13:18:18.144 | ./dbLogger.log | User: belal has logged in successfully.
07.05.2024 13:23:49.092 | ./dbLogger.log | User: belal has logged in successfully.
07.05.2024 13:24:18.025 | ./dbLogger.log | User: 12111  not found in  JSON DataBase successfully.
07.05.2024 13:26:28.379 | ./dbLogger.log | User: belal has logged in successfully.
08.05.2024 02:52:04.428 | ./dbLogger.log | User: Safy98 has logged in successfully.
08.05.2024 03:45:21.148 | ./dbLogger.log | User: Safy98 has logged in successfully.
08.05.2024 03:46:16.838 | ./dbLogger.log | User: belal20 has logged in successfully.
08.05.2024 04:46:49.634 | ./dbLogger.log | User: Safy98 has logged in successfully.
08.05.2024 05:10:51.209 | ./dbLogger.log | User: Safy98 has logged in successfully.
08.05.2024 05:11:44.399 | ./dbLogger.log | User: Safy98 has logged in successfully.
08.05.2024 05:19:51.406 | ./dbLogger.log | User: Safy98 has logged in successfully.
08.05.2024 05:20:11.351 | ./dbLogger.log | User: Safy98 has logged in successfully.
08.05.2024 05:21:54.394 | ./dbLogger.log | User: Safy98 has logged in successfully.
08.05.2024 05:22:18.073 | ./dbLogger.log | User: Safy98 has logged in successfully.
08.05.2024 05:23:45.182 | ./dbLogger.log | User: Safy98 has logged in successfully.
08.05.2024 05:38:33.663 | ./dbLogger.log | User: Safy98 has logged in successfully.
08.05.2024 05:40:44.642 | ./dbLogger.log | User not found.
08.05.2024 05:41:02.341 | ./dbLogger.log | Incorrect password.
08.05.2024 05:41:02.632 | ./dbLogger.log | Incorrect password.
08.05.2024 05:41:12.834 | ./dbLogger.log | User: Safy98 has logged in successfully.
08.05.2024 05:41:37.816 | ./dbLogger.log | User: 3  not found in  JSON DataBase successfully.
08.05.2024 05:52:42.464 | ./dbLogger.log | User not found.
08.05.2024 06:00:16.944 | ./dbLogger.log | User: Safy98 has logged in successfully.
08.05.2024 06:12:17.012 | ./dbLogger.log | User: Safy98 has logged in successfully.
08.05.2024 06:15:51.114 | ./dbLogger.log | User: 1234  not found in  JSON DataBase successfully.
08.05.2024 06:16:27.726 | ./dbLogger.log | User not found.
08.05.2024 06:17:26.491 | ./dbLogger.log | User not found.
08.05.2024 06:17:31.602 | ./dbLogger.log | User not found.
08.05.2024 06:17:43.015 | ./dbLogger.log | User: momen has logged in successfully.
08.05.2024 06:22:37.376 | ./dbLogger.log | User: momen has logged in successfully.
08.05.2024 06:29:23.201 | ./dbLogger.log | User: Safy98 has logged in successfully.
08.05.2024 06:29:38.970 | ./dbLogger.log | User: momen has logged in successfully.
08.05.2024 07:25:07.565 | ./dbLogger.log | User: Safy98 has logged in successfully.
08.05.2024 07:44:31.152 | ./dbLogger.log | User: Safy98 has logged in successfully.
08.05.2024 07:44:50.127 | ./dbLogger.log | User: momen has logged in successfully.
08.05.2024 07:47:32.989 | ./dbLogger.log | User: Safy98 has logged in successfully.
08.05.2024 07:47:47.737 | ./dbLogger.log | User: momen has logged in successfully.
08.05.2024 07:49:59.729 | ./dbLogger.log | User: momen has logged in successfully.
08.05.2024 07:56:14.348 | ./dbLogger.log | User: momen has logged in successfully.
08.05.2024 07:56:45.900 | ./dbLogger.log | User: momen has logged in successfully.
08.05.2024 08:30:26.145 | ./dbLogger.log | User: Safy98 has logged in successfully.
08.05.2024 08:31:19.245 | ./dbLogger.log | User: momen has logged in successfully.
